<?xml version="1.0" encoding="UTF-8"?>
<!-- Generated by org.testng.reporters.JUnitXMLReporter -->
<testsuite ignored="0" hostname="DESKTOP-L8VPHJS" failures="0" tests="3" name="ModuleOneTest" time="14.88" errors="0" timestamp="2023-06-21T15:22:42 IST">
  <testcase classname="testScripts.LoginTest" name="validLogin" time="4.43"/>
  <testcase classname="testScripts.LoginTest" name="validLogin" time="2.514"/>
  <testcase classname="testScripts.LoginTest" name="validLogin" time="2.254"/>
</testsuite> <!-- ModuleOneTest -->
