<?xml version="1.0" encoding="UTF-8"?>
<!-- Generated by org.testng.reporters.JUnitXMLReporter -->
<testsuite ignored="0" hostname="DESKTOP-L8VPHJS" failures="0" tests="3" name="ModuleOneTest" time="14.412" errors="0" timestamp="2023-05-12T14:37:24 IST">
  <testcase classname="testScripts.LoginTest" name="validLogin" time="3.07"/>
  <testcase classname="testScripts.LoginTest" name="validLogin" time="2.558"/>
  <testcase classname="testScripts.LoginTest" name="validLogin" time="2.375"/>
</testsuite> <!-- ModuleOneTest -->
