<?xml version="1.0" encoding="UTF-8"?>
<!-- Generated by org.testng.reporters.JUnitXMLReporter -->
<testsuite ignored="0" hostname="DESKTOP-L8VPHJS" failures="0" tests="3" name="ModuleOneTest" time="18.292" errors="0" timestamp="2023-05-10T17:07:01 IST">
  <testcase classname="testScripts.LoginTest" name="validLogin" time="1.794"/>
  <testcase classname="testScripts.LoginTest" name="validLogin" time="1.779"/>
  <testcase classname="testScripts.LoginTest" name="validLogin" time="1.747"/>
</testsuite> <!-- ModuleOneTest -->
