<?xml version="1.0" encoding="UTF-8"?>
<!-- Generated by org.testng.reporters.JUnitXMLReporter -->
<testsuite ignored="0" hostname="DESKTOP-L8VPHJS" failures="0" tests="4" name="ModuleTwoTest" time="11.594" errors="0" timestamp="2023-12-11T09:39:40 IST">
  <testcase classname="parallelScripts.SampleThreeTest" name="testFour" time="5.249"/>
  <testcase classname="parallelScripts.SampleThreeTest" name="testOne" time="2.167"/>
  <testcase classname="parallelScripts.SampleThreeTest" name="testThree" time="2.356"/>
  <testcase classname="parallelScripts.SampleThreeTest" name="testTwo" time="1.776"/>
</testsuite> <!-- ModuleTwoTest -->
