<?xml version="1.0" encoding="UTF-8"?>
<!-- Generated by org.testng.reporters.JUnitXMLReporter -->
<testsuite ignored="0" hostname="DESKTOP-L8VPHJS" failures="0" tests="4" name="ModuleTwoTest" time="0.072" errors="0" timestamp="2023-05-10T14:49:23 IST">
  <testcase classname="parallelScripts.SampleThreeTest" name="testFour" time="0.012"/>
  <testcase classname="parallelScripts.SampleThreeTest" name="testOne" time="0.001"/>
  <testcase classname="parallelScripts.SampleThreeTest" name="testThree" time="0.0"/>
  <testcase classname="parallelScripts.SampleThreeTest" name="testTwo" time="0.001"/>
</testsuite> <!-- ModuleTwoTest -->
