<?xml version="1.0" encoding="UTF-8"?>
<testng-results ignored="0" total="3" passed="3" failed="0" skipped="0">
  <reporter-output>
  </reporter-output>
  <suite started-at="2023-05-12T14:37:10 IST" name="SampleSuite" finished-at="2023-05-12T14:37:24 IST" duration-ms="14412">
    <groups>
    </groups>
    <test started-at="2023-05-12T14:37:10 IST" name="ModuleOneTest" finished-at="2023-05-12T14:37:24 IST" duration-ms="14412">
      <class name="testScripts.LoginTest">
        <test-method is-config="true" signature="setup()[pri:0, instance:testScripts.LoginTest@188715b5]" started-at="2023-05-12T14:37:10 IST" name="setup" finished-at="2023-05-12T14:37:13 IST" duration-ms="3059" status="PASS">
          <reporter-output>
          </reporter-output>
        </test-method> <!-- setup -->
        <test-method signature="validLogin(java.lang.String,java.lang.String)[pri:0, instance:testScripts.LoginTest@188715b5]" started-at="2023-05-12T14:37:13 IST" name="validLogin" data-provider="loginData" finished-at="2023-05-12T14:37:16 IST" duration-ms="3070" status="PASS">
          <params>
            <param index="0">
              <value>
                <![CDATA[testuser1]]>
              </value>
            </param>
            <param index="1">
              <value>
                <![CDATA[welcome1]]>
              </value>
            </param>
          </params>
          <reporter-output>
          </reporter-output>
        </test-method> <!-- validLogin -->
        <test-method is-config="true" signature="teardown()[pri:0, instance:testScripts.LoginTest@188715b5]" started-at="2023-05-12T14:37:16 IST" name="teardown" finished-at="2023-05-12T14:37:16 IST" duration-ms="99" status="PASS">
          <reporter-output>
          </reporter-output>
        </test-method> <!-- teardown -->
        <test-method is-config="true" signature="setup()[pri:0, instance:testScripts.LoginTest@188715b5]" started-at="2023-05-12T14:37:16 IST" name="setup" finished-at="2023-05-12T14:37:18 IST" duration-ms="1689" status="PASS">
          <reporter-output>
          </reporter-output>
        </test-method> <!-- setup -->
        <test-method signature="validLogin(java.lang.String,java.lang.String)[pri:0, instance:testScripts.LoginTest@188715b5]" started-at="2023-05-12T14:37:18 IST" name="validLogin" data-provider="loginData" finished-at="2023-05-12T14:37:20 IST" duration-ms="2558" status="PASS">
          <params>
            <param index="0">
              <value>
                <![CDATA[testuser2]]>
              </value>
            </param>
            <param index="1">
              <value>
                <![CDATA[welcome123]]>
              </value>
            </param>
          </params>
          <reporter-output>
          </reporter-output>
        </test-method> <!-- validLogin -->
        <test-method is-config="true" signature="teardown()[pri:0, instance:testScripts.LoginTest@188715b5]" started-at="2023-05-12T14:37:20 IST" name="teardown" finished-at="2023-05-12T14:37:20 IST" duration-ms="105" status="PASS">
          <reporter-output>
          </reporter-output>
        </test-method> <!-- teardown -->
        <test-method is-config="true" signature="setup()[pri:0, instance:testScripts.LoginTest@188715b5]" started-at="2023-05-12T14:37:20 IST" name="setup" finished-at="2023-05-12T14:37:22 IST" duration-ms="1328" status="PASS">
          <reporter-output>
          </reporter-output>
        </test-method> <!-- setup -->
        <test-method signature="validLogin(java.lang.String,java.lang.String)[pri:0, instance:testScripts.LoginTest@188715b5]" started-at="2023-05-12T14:37:22 IST" name="validLogin" data-provider="loginData" finished-at="2023-05-12T14:37:24 IST" duration-ms="2375" status="PASS">
          <params>
            <param index="0">
              <value>
                <![CDATA[tomsmith]]>
              </value>
            </param>
            <param index="1">
              <value>
                <![CDATA[SuperSecretPassword!]]>
              </value>
            </param>
          </params>
          <reporter-output>
          </reporter-output>
        </test-method> <!-- validLogin -->
        <test-method is-config="true" signature="teardown()[pri:0, instance:testScripts.LoginTest@188715b5]" started-at="2023-05-12T14:37:24 IST" name="teardown" finished-at="2023-05-12T14:37:24 IST" duration-ms="78" status="PASS">
          <reporter-output>
          </reporter-output>
        </test-method> <!-- teardown -->
      </class> <!-- testScripts.LoginTest -->
    </test> <!-- ModuleOneTest -->
  </suite> <!-- SampleSuite -->
</testng-results>
