<?xml version="1.0" encoding="UTF-8"?>
<testng-results ignored="0" total="1" passed="1" failed="0" skipped="0">
  <reporter-output>
  </reporter-output>
  <suite started-at="2023-06-13T11:12:23 IST" name="Default suite" finished-at="2023-06-13T11:12:30 IST" duration-ms="6725">
    <groups>
    </groups>
    <test started-at="2023-06-13T11:12:23 IST" name="Default test" finished-at="2023-06-13T11:12:30 IST" duration-ms="6725">
      <class name="testScripts.CDPTest">
        <test-method is-config="true" signature="setup()[pri:0, instance:testScripts.CDPTest@654f0d9c]" started-at="2023-06-13T11:12:23 IST" name="setup" finished-at="2023-06-13T11:12:25 IST" duration-ms="1913" status="PASS">
          <reporter-output>
          </reporter-output>
        </test-method> <!-- setup -->
        <test-method signature="geoLocTest()[pri:0, instance:testScripts.CDPTest@654f0d9c]" started-at="2023-06-13T11:12:25 IST" name="geoLocTest" finished-at="2023-06-13T11:12:30 IST" duration-ms="4787" status="PASS">
          <reporter-output>
          </reporter-output>
        </test-method> <!-- geoLocTest -->
      </class> <!-- testScripts.CDPTest -->
    </test> <!-- Default test -->
  </suite> <!-- Default suite -->
</testng-results>
