<?xml version="1.0" encoding="UTF-8"?>
<testng-results ignored="0" total="1" passed="1" failed="0" skipped="0">
  <reporter-output>
  </reporter-output>
  <suite started-at="2023-05-11T17:53:46 IST" name="Default suite" finished-at="2023-05-11T17:54:15 IST" duration-ms="29361">
    <groups>
    </groups>
    <test started-at="2023-05-11T17:53:46 IST" name="Default test" finished-at="2023-05-11T17:54:15 IST" duration-ms="29361">
      <class name="testScripts.RemoteDriverTest">
        <test-method signature="test()[pri:0, instance:testScripts.RemoteDriverTest@19bb07ed]" started-at="2023-05-11T17:53:46 IST" name="test" finished-at="2023-05-11T17:54:15 IST" duration-ms="29300" status="PASS">
          <reporter-output>
          </reporter-output>
        </test-method> <!-- test -->
      </class> <!-- testScripts.RemoteDriverTest -->
    </test> <!-- Default test -->
  </suite> <!-- Default suite -->
</testng-results>
