<?xml version="1.0" encoding="UTF-8"?>
<!-- Generated by org.testng.reporters.JUnitReportReporter -->
<testsuite hostname="DESKTOP-L8VPHJS" failures="0" tests="6" name="parallelScripts.SampleThreeTest" time="22.062" errors="0" timestamp="2023-12-11T09:52:56 IST" skipped="0">
  <testcase classname="parallelScripts.SampleThreeTest" name="testFour" time="4.172"/>
  <system-out/>
  <testcase classname="parallelScripts.SampleThreeTest" name="testFour" time="2.989"/>
  <system-out/>
  <testcase classname="parallelScripts.SampleThreeTest" name="testFour" time="4.348"/>
  <system-out/>
  <testcase classname="parallelScripts.SampleThreeTest" name="testFour" time="3.224"/>
  <system-out/>
  <testcase classname="parallelScripts.SampleThreeTest" name="testFour" time="3.155"/>
  <system-out/>
  <testcase classname="parallelScripts.SampleThreeTest" name="testFour" time="4.174"/>
  <system-out/>
</testsuite> <!-- parallelScripts.SampleThreeTest -->
