<?xml version="1.0" encoding="UTF-8"?>
<!-- Generated by org.testng.reporters.JUnitReportReporter -->
<testsuite hostname="DESKTOP-L8VPHJS" failures="0" tests="4" name="parallelScripts.SampleOneTest" time="0.005" errors="0" timestamp="2023-12-11T09:39:40 IST" skipped="0">
  <testcase classname="parallelScripts.SampleOneTest" name="testOne" time="0.002"/>
  <system-out/>
  <testcase classname="parallelScripts.SampleOneTest" name="testFour" time="0.002"/>
  <system-out/>
  <testcase classname="parallelScripts.SampleOneTest" name="testTwo" time="0.001"/>
  <system-out/>
  <testcase classname="parallelScripts.SampleOneTest" name="testThree" time="0.000"/>
  <system-out/>
</testsuite> <!-- parallelScripts.SampleOneTest -->
