<?xml version="1.0" encoding="UTF-8"?>
<!-- Generated by org.testng.reporters.JUnitReportReporter -->
<testsuite hostname="DESKTOP-L8VPHJS" failures="0" tests="3" name="testScripts.LoginTest" time="14.830" errors="0" timestamp="2023-06-21T15:22:43 IST" skipped="0">
  <testcase classname="testScripts.LoginTest" name="validLogin" time="5.475"/>
  <system-out/>
  <testcase classname="testScripts.LoginTest" name="validLogin" time="3.538"/>
  <system-out/>
  <testcase classname="testScripts.LoginTest" name="validLogin" time="5.817"/>
  <system-out/>
</testsuite> <!-- testScripts.LoginTest -->
